<?xml version="1.0" encoding="UTF-8" standalone="no"?>
<!DOCTYPE log SYSTEM "logger.dtd">
<log>
<record>
  <date>2022-05-10T23:44:40</date>
  <millis>1652201080961</millis>
  <sequence>0</sequence>
  <level>START</level>
  <class>com.kms.katalon.core.logging.XmlKeywordLogger</class>
  <method>startSuite</method>
  <thread>1</thread>
  <message>Start Test Suite : Test Suites/REST_API/04_Transactions</message>
  <nestedLevel>0</nestedLevel>
  <escapedJava>false</escapedJava>
  <property name="rerunTestFailImmediately">false</property>
  <property name="retryCount">0</property>
  <property name="name">04_Transactions</property>
  <property name="description"></property>
  <property name="id">Test Suites/REST_API/04_Transactions</property>
</record>
<record>
  <date>2022-05-10T23:44:40</date>
  <millis>1652201080987</millis>
  <sequence>1</sequence>
  <level>RUN_DATA</level>
  <class>com.kms.katalon.core.logging.XmlKeywordLogger</class>
  <method>logMessage</method>
  <thread>1</thread>
  <message>hostName = salsa - SALSABILA</message>
  <nestedLevel>0</nestedLevel>
  <escapedJava>false</escapedJava>
  <property name="hostName">salsa - SALSABILA</property>
</record>
<record>
  <date>2022-05-10T23:44:40</date>
  <millis>1652201080989</millis>
  <sequence>2</sequence>
  <level>RUN_DATA</level>
  <class>com.kms.katalon.core.logging.XmlKeywordLogger</class>
  <method>logMessage</method>
  <thread>1</thread>
  <message>os = Windows 10 64bit</message>
  <nestedLevel>0</nestedLevel>
  <escapedJava>false</escapedJava>
  <property name="os">Windows 10 64bit</property>
</record>
<record>
  <date>2022-05-10T23:44:40</date>
  <millis>1652201080990</millis>
  <sequence>3</sequence>
  <level>RUN_DATA</level>
  <class>com.kms.katalon.core.logging.XmlKeywordLogger</class>
  <method>logMessage</method>
  <thread>1</thread>
  <message>hostAddress = 192.168.106.173</message>
  <nestedLevel>0</nestedLevel>
  <escapedJava>false</escapedJava>
  <property name="hostAddress">192.168.106.173</property>
</record>
<record>
  <date>2022-05-10T23:44:40</date>
  <millis>1652201080994</millis>
  <sequence>4</sequence>
  <level>RUN_DATA</level>
  <class>com.kms.katalon.core.logging.XmlKeywordLogger</class>
  <method>logMessage</method>
  <thread>1</thread>
  <message>katalonVersion = 8.2.5.208</message>
  <nestedLevel>0</nestedLevel>
  <escapedJava>false</escapedJava>
  <property name="katalonVersion">8.2.5.208</property>
</record>
<record>
  <date>2022-05-10T23:44:41</date>
  <millis>1652201081465</millis>
  <sequence>5</sequence>
  <level>START</level>
  <class>com.kms.katalon.core.logging.XmlKeywordLogger</class>
  <method>startTest</method>
  <thread>1</thread>
  <message>Start Test Case : Test Cases/REST_API/04_Transactions/TC02_CreateTransactions</message>
  <nestedLevel>1</nestedLevel>
  <escapedJava>false</escapedJava>
  <property name="name">Test Cases/REST_API/04_Transactions/TC02_CreateTransactions</property>
  <property name="description"></property>
  <property name="id">Test Cases/REST_API/04_Transactions/TC02_CreateTransactions</property>
  <property name="source">F:\1. UNNES\6. Semester 6\2 - MSIB\final-project-qe-alta4\final-project-qe-alta\Test Cases\REST_API\04_Transactions\TC02_CreateTransactions.tc</property>
  <property name="tag"></property>
  <property name="isOptional">false</property>
</record>
<record>
  <date>2022-05-10T23:44:42</date>
  <millis>1652201082058</millis>
  <sequence>7</sequence>
  <level>START</level>
  <class>com.kms.katalon.core.logging.XmlKeywordLogger</class>
  <method>startKeyword</method>
  <thread>1</thread>
  <message>Start action : Response = sendRequest(findTestObject(&amp;quot;REST_API/04_Transactions/CreateTransactions&amp;quot;))</message>
  <nestedLevel>1</nestedLevel>
  <escapedJava>false</escapedJava>
  <property name="startLine">20</property>
  <property name="stepIndex">1</property>
</record>
<record>
  <date>2022-05-10T23:44:44</date>
  <millis>1652201084371</millis>
  <sequence>10</sequence>
  <level>INFO</level>
  <class>com.kms.katalon.core.logging.XmlKeywordLogger</class>
  <method>logMessage</method>
  <thread>1</thread>
  <message>HAR: F:\1. UNNES\6. Semester 6\2 - MSIB\final-project-qe-alta4\final-project-qe-alta\Reports\20220510_234336\REST_API\04_Transactions\20220510_234344\requests\main\0.har</message>
  <nestedLevel>1</nestedLevel>
  <escapedJava>false</escapedJava>
  <property name="harId">73221ff6-a924-4993-8161-5ae876dffe3c</property>
</record>
<record>
  <date>2022-05-10T23:44:44</date>
  <millis>1652201084502</millis>
  <sequence>11</sequence>
  <level>PASSED</level>
  <class>com.kms.katalon.core.logging.XmlKeywordLogger</class>
  <method>logMessage</method>
  <thread>1</thread>
  <message>Send request successfully</message>
  <nestedLevel>1</nestedLevel>
  <escapedJava>false</escapedJava>
  <property name="testops-method-name">com.kms.katalon.core.webservice.keyword.builtin.SendRequestKeyword.sendRequest</property>
  <property name="testops-execution-stacktrace"></property>
</record>
<record>
  <date>2022-05-10T23:44:44</date>
  <millis>1652201084504</millis>
  <sequence>12</sequence>
  <level>END</level>
  <class>com.kms.katalon.core.logging.XmlKeywordLogger</class>
  <method>endKeyword</method>
  <thread>1</thread>
  <message>End action : Response = sendRequest(findTestObject(&amp;quot;REST_API/04_Transactions/CreateTransactions&amp;quot;))</message>
  <nestedLevel>1</nestedLevel>
  <escapedJava>false</escapedJava>
</record>
<record>
  <date>2022-05-10T23:44:44</date>
  <millis>1652201084504</millis>
  <sequence>13</sequence>
  <level>START</level>
  <class>com.kms.katalon.core.logging.XmlKeywordLogger</class>
  <method>startKeyword</method>
  <thread>1</thread>
  <message>Start action : verifyResponseStatusCode(Response, 200)</message>
  <nestedLevel>1</nestedLevel>
  <escapedJava>false</escapedJava>
  <property name="startLine">22</property>
  <property name="stepIndex">2</property>
</record>
<record>
  <date>2022-05-10T23:44:44</date>
  <millis>1652201084531</millis>
  <sequence>15</sequence>
  <level>PASSED</level>
  <class>com.kms.katalon.core.logging.XmlKeywordLogger</class>
  <method>logMessage</method>
  <thread>1</thread>
  <message>Verify response status code successfully</message>
  <nestedLevel>1</nestedLevel>
  <escapedJava>false</escapedJava>
  <property name="testops-is-assertion">true</property>
  <property name="testops-method-name">com.kms.katalon.core.webservice.keyword.builtin.VerifyResponseStatusCodeKeyword.verifyResponseStatusCode</property>
  <property name="testops-execution-stacktrace"></property>
</record>
<record>
  <date>2022-05-10T23:44:44</date>
  <millis>1652201084533</millis>
  <sequence>16</sequence>
  <level>END</level>
  <class>com.kms.katalon.core.logging.XmlKeywordLogger</class>
  <method>endKeyword</method>
  <thread>1</thread>
  <message>End action : verifyResponseStatusCode(Response, 200)</message>
  <nestedLevel>1</nestedLevel>
  <escapedJava>false</escapedJava>
</record>
<record>
  <date>2022-05-10T23:44:44</date>
  <millis>1652201084535</millis>
  <sequence>17</sequence>
  <level>START</level>
  <class>com.kms.katalon.core.logging.XmlKeywordLogger</class>
  <method>startKeyword</method>
  <thread>1</thread>
  <message>Start action : verifyElementPropertyValue(Response, &amp;quot;data[0].User.ID&amp;quot;, 45)</message>
  <nestedLevel>1</nestedLevel>
  <escapedJava>false</escapedJava>
  <property name="startLine">24</property>
  <property name="stepIndex">3</property>
</record>
<record>
  <date>2022-05-10T23:44:44</date>
  <millis>1652201084643</millis>
  <sequence>19</sequence>
  <level>PASSED</level>
  <class>com.kms.katalon.core.logging.XmlKeywordLogger</class>
  <method>logMessage</method>
  <thread>1</thread>
  <message>Verify element property value successfully</message>
  <nestedLevel>1</nestedLevel>
  <escapedJava>false</escapedJava>
  <property name="testops-is-assertion">true</property>
  <property name="testops-method-name">com.kms.katalon.core.webservice.keyword.builtin.VerifyElementPropertyValueKeyword.verifyElementPropertyValue</property>
  <property name="testops-execution-stacktrace"></property>
</record>
<record>
  <date>2022-05-10T23:44:44</date>
  <millis>1652201084644</millis>
  <sequence>20</sequence>
  <level>END</level>
  <class>com.kms.katalon.core.logging.XmlKeywordLogger</class>
  <method>endKeyword</method>
  <thread>1</thread>
  <message>End action : verifyElementPropertyValue(Response, &amp;quot;data[0].User.ID&amp;quot;, 45)</message>
  <nestedLevel>1</nestedLevel>
  <escapedJava>false</escapedJava>
</record>
<record>
  <date>2022-05-10T23:44:44</date>
  <millis>1652201084644</millis>
  <sequence>21</sequence>
  <level>PASSED</level>
  <class>com.kms.katalon.core.logging.XmlKeywordLogger</class>
  <method>logMessage</method>
  <thread>1</thread>
  <message>Test Cases/REST_API/04_Transactions/TC02_CreateTransactions</message>
  <nestedLevel>1</nestedLevel>
  <escapedJava>false</escapedJava>
</record>
<record>
  <date>2022-05-10T23:44:44</date>
  <millis>1652201084645</millis>
  <sequence>22</sequence>
  <level>END</level>
  <class>com.kms.katalon.core.logging.XmlKeywordLogger</class>
  <method>endTest</method>
  <thread>1</thread>
  <message>End Test Case : Test Cases/REST_API/04_Transactions/TC02_CreateTransactions</message>
  <nestedLevel>0</nestedLevel>
  <escapedJava>false</escapedJava>
  <property name="executionBindingVariables">[]</property>
  <property name="keywordsUsage">{
  &quot;web_ui&quot;: false,
  &quot;web_service&quot;: true,
  &quot;cucumber&quot;: false,
  &quot;builtin&quot;: false,
  &quot;mobile&quot;: false,
  &quot;windows&quot;: false,
  &quot;testng&quot;: false
}</property>
</record>
<record>
  <date>2022-05-10T23:44:44</date>
  <millis>1652201084663</millis>
  <sequence>23</sequence>
  <level>START</level>
  <class>com.kms.katalon.core.logging.XmlKeywordLogger</class>
  <method>startTest</method>
  <thread>1</thread>
  <message>Start Test Case : Test Cases/REST_API/04_Transactions/TC03_CreateTransactionsInvalidId</message>
  <nestedLevel>1</nestedLevel>
  <escapedJava>false</escapedJava>
  <property name="name">Test Cases/REST_API/04_Transactions/TC03_CreateTransactionsInvalidId</property>
  <property name="description"></property>
  <property name="id">Test Cases/REST_API/04_Transactions/TC03_CreateTransactionsInvalidId</property>
  <property name="source">F:\1. UNNES\6. Semester 6\2 - MSIB\final-project-qe-alta4\final-project-qe-alta\Test Cases\REST_API\04_Transactions\TC03_CreateTransactionsInvalidId.tc</property>
  <property name="tag"></property>
  <property name="isOptional">false</property>
</record>
<record>
  <date>2022-05-10T23:44:45</date>
  <millis>1652201085033</millis>
  <sequence>25</sequence>
  <level>START</level>
  <class>com.kms.katalon.core.logging.XmlKeywordLogger</class>
  <method>startKeyword</method>
  <thread>1</thread>
  <message>Start action : Response = sendRequest(findTestObject(&amp;quot;REST_API/04_Transactions/CreateTransactions_InvalidProductID&amp;quot;))</message>
  <nestedLevel>1</nestedLevel>
  <escapedJava>false</escapedJava>
  <property name="startLine">20</property>
  <property name="stepIndex">1</property>
</record>
<record>
  <date>2022-05-10T23:44:45</date>
  <millis>1652201085423</millis>
  <sequence>28</sequence>
  <level>INFO</level>
  <class>com.kms.katalon.core.logging.XmlKeywordLogger</class>
  <method>logMessage</method>
  <thread>1</thread>
  <message>HAR: F:\1. UNNES\6. Semester 6\2 - MSIB\final-project-qe-alta4\final-project-qe-alta\Reports\20220510_234336\REST_API\04_Transactions\20220510_234344\requests\main\1.har</message>
  <nestedLevel>1</nestedLevel>
  <escapedJava>false</escapedJava>
  <property name="harId">f7496039-3e46-479d-a6ac-bef99cf81c77</property>
</record>
<record>
  <date>2022-05-10T23:44:45</date>
  <millis>1652201085429</millis>
  <sequence>29</sequence>
  <level>PASSED</level>
  <class>com.kms.katalon.core.logging.XmlKeywordLogger</class>
  <method>logMessage</method>
  <thread>1</thread>
  <message>Send request successfully</message>
  <nestedLevel>1</nestedLevel>
  <escapedJava>false</escapedJava>
  <property name="testops-method-name">com.kms.katalon.core.webservice.keyword.builtin.SendRequestKeyword.sendRequest</property>
  <property name="testops-execution-stacktrace"></property>
</record>
<record>
  <date>2022-05-10T23:44:45</date>
  <millis>1652201085431</millis>
  <sequence>30</sequence>
  <level>END</level>
  <class>com.kms.katalon.core.logging.XmlKeywordLogger</class>
  <method>endKeyword</method>
  <thread>1</thread>
  <message>End action : Response = sendRequest(findTestObject(&amp;quot;REST_API/04_Transactions/CreateTransactions_InvalidProductID&amp;quot;))</message>
  <nestedLevel>1</nestedLevel>
  <escapedJava>false</escapedJava>
</record>
<record>
  <date>2022-05-10T23:44:45</date>
  <millis>1652201085431</millis>
  <sequence>31</sequence>
  <level>START</level>
  <class>com.kms.katalon.core.logging.XmlKeywordLogger</class>
  <method>startKeyword</method>
  <thread>1</thread>
  <message>Start action : verifyResponseStatusCode(Response, 400)</message>
  <nestedLevel>1</nestedLevel>
  <escapedJava>false</escapedJava>
  <property name="startLine">22</property>
  <property name="stepIndex">2</property>
</record>
<record>
  <date>2022-05-10T23:44:45</date>
  <millis>1652201085435</millis>
  <sequence>33</sequence>
  <level>PASSED</level>
  <class>com.kms.katalon.core.logging.XmlKeywordLogger</class>
  <method>logMessage</method>
  <thread>1</thread>
  <message>Verify response status code successfully</message>
  <nestedLevel>1</nestedLevel>
  <escapedJava>false</escapedJava>
  <property name="testops-is-assertion">true</property>
  <property name="testops-method-name">com.kms.katalon.core.webservice.keyword.builtin.VerifyResponseStatusCodeKeyword.verifyResponseStatusCode</property>
  <property name="testops-execution-stacktrace"></property>
</record>
<record>
  <date>2022-05-10T23:44:45</date>
  <millis>1652201085436</millis>
  <sequence>34</sequence>
  <level>END</level>
  <class>com.kms.katalon.core.logging.XmlKeywordLogger</class>
  <method>endKeyword</method>
  <thread>1</thread>
  <message>End action : verifyResponseStatusCode(Response, 400)</message>
  <nestedLevel>1</nestedLevel>
  <escapedJava>false</escapedJava>
</record>
<record>
  <date>2022-05-10T23:44:45</date>
  <millis>1652201085437</millis>
  <sequence>35</sequence>
  <level>START</level>
  <class>com.kms.katalon.core.logging.XmlKeywordLogger</class>
  <method>startKeyword</method>
  <thread>1</thread>
  <message>Start action : verifyElementPropertyValue(Response, &amp;quot;error&amp;quot;, &amp;quot;invalid character &amp;apos;s&amp;apos; after object key:value pair&amp;quot;)</message>
  <nestedLevel>1</nestedLevel>
  <escapedJava>false</escapedJava>
  <property name="startLine">24</property>
  <property name="stepIndex">3</property>
</record>
<record>
  <date>2022-05-10T23:44:45</date>
  <millis>1652201085461</millis>
  <sequence>37</sequence>
  <level>PASSED</level>
  <class>com.kms.katalon.core.logging.XmlKeywordLogger</class>
  <method>logMessage</method>
  <thread>1</thread>
  <message>Verify element property value successfully</message>
  <nestedLevel>1</nestedLevel>
  <escapedJava>false</escapedJava>
  <property name="testops-is-assertion">true</property>
  <property name="testops-method-name">com.kms.katalon.core.webservice.keyword.builtin.VerifyElementPropertyValueKeyword.verifyElementPropertyValue</property>
  <property name="testops-execution-stacktrace"></property>
</record>
<record>
  <date>2022-05-10T23:44:45</date>
  <millis>1652201085462</millis>
  <sequence>38</sequence>
  <level>END</level>
  <class>com.kms.katalon.core.logging.XmlKeywordLogger</class>
  <method>endKeyword</method>
  <thread>1</thread>
  <message>End action : verifyElementPropertyValue(Response, &amp;quot;error&amp;quot;, &amp;quot;invalid character &amp;apos;s&amp;apos; after object key:value pair&amp;quot;)</message>
  <nestedLevel>1</nestedLevel>
  <escapedJava>false</escapedJava>
</record>
<record>
  <date>2022-05-10T23:44:45</date>
  <millis>1652201085462</millis>
  <sequence>39</sequence>
  <level>PASSED</level>
  <class>com.kms.katalon.core.logging.XmlKeywordLogger</class>
  <method>logMessage</method>
  <thread>1</thread>
  <message>Test Cases/REST_API/04_Transactions/TC03_CreateTransactionsInvalidId</message>
  <nestedLevel>1</nestedLevel>
  <escapedJava>false</escapedJava>
</record>
<record>
  <date>2022-05-10T23:44:45</date>
  <millis>1652201085464</millis>
  <sequence>40</sequence>
  <level>END</level>
  <class>com.kms.katalon.core.logging.XmlKeywordLogger</class>
  <method>endTest</method>
  <thread>1</thread>
  <message>End Test Case : Test Cases/REST_API/04_Transactions/TC03_CreateTransactionsInvalidId</message>
  <nestedLevel>0</nestedLevel>
  <escapedJava>false</escapedJava>
  <property name="executionBindingVariables">[]</property>
  <property name="keywordsUsage">{
  &quot;web_ui&quot;: false,
  &quot;web_service&quot;: true,
  &quot;cucumber&quot;: false,
  &quot;builtin&quot;: false,
  &quot;mobile&quot;: false,
  &quot;windows&quot;: false,
  &quot;testng&quot;: false
}</property>
</record>
<record>
  <date>2022-05-10T23:44:45</date>
  <millis>1652201085478</millis>
  <sequence>41</sequence>
  <level>START</level>
  <class>com.kms.katalon.core.logging.XmlKeywordLogger</class>
  <method>startTest</method>
  <thread>1</thread>
  <message>Start Test Case : Test Cases/REST_API/04_Transactions/TC04_CreateTransactionsInvalidQuantity</message>
  <nestedLevel>1</nestedLevel>
  <escapedJava>false</escapedJava>
  <property name="name">Test Cases/REST_API/04_Transactions/TC04_CreateTransactionsInvalidQuantity</property>
  <property name="description"></property>
  <property name="id">Test Cases/REST_API/04_Transactions/TC04_CreateTransactionsInvalidQuantity</property>
  <property name="source">F:\1. UNNES\6. Semester 6\2 - MSIB\final-project-qe-alta4\final-project-qe-alta\Test Cases\REST_API\04_Transactions\TC04_CreateTransactionsInvalidQuantity.tc</property>
  <property name="tag"></property>
  <property name="isOptional">false</property>
</record>
<record>
  <date>2022-05-10T23:44:45</date>
  <millis>1652201085809</millis>
  <sequence>43</sequence>
  <level>START</level>
  <class>com.kms.katalon.core.logging.XmlKeywordLogger</class>
  <method>startKeyword</method>
  <thread>1</thread>
  <message>Start action : Response = sendRequest(findTestObject(&amp;quot;REST_API/04_Transactions/CreateTransactions_InvalidQuantity&amp;quot;))</message>
  <nestedLevel>1</nestedLevel>
  <escapedJava>false</escapedJava>
  <property name="startLine">20</property>
  <property name="stepIndex">1</property>
</record>
<record>
  <date>2022-05-10T23:44:46</date>
  <millis>1652201086159</millis>
  <sequence>46</sequence>
  <level>INFO</level>
  <class>com.kms.katalon.core.logging.XmlKeywordLogger</class>
  <method>logMessage</method>
  <thread>1</thread>
  <message>HAR: F:\1. UNNES\6. Semester 6\2 - MSIB\final-project-qe-alta4\final-project-qe-alta\Reports\20220510_234336\REST_API\04_Transactions\20220510_234344\requests\main\2.har</message>
  <nestedLevel>1</nestedLevel>
  <escapedJava>false</escapedJava>
  <property name="harId">b7cc4c96-c914-4b84-8f22-150ea9416d86</property>
</record>
<record>
  <date>2022-05-10T23:44:46</date>
  <millis>1652201086166</millis>
  <sequence>47</sequence>
  <level>PASSED</level>
  <class>com.kms.katalon.core.logging.XmlKeywordLogger</class>
  <method>logMessage</method>
  <thread>1</thread>
  <message>Send request successfully</message>
  <nestedLevel>1</nestedLevel>
  <escapedJava>false</escapedJava>
  <property name="testops-method-name">com.kms.katalon.core.webservice.keyword.builtin.SendRequestKeyword.sendRequest</property>
  <property name="testops-execution-stacktrace"></property>
</record>
<record>
  <date>2022-05-10T23:44:46</date>
  <millis>1652201086169</millis>
  <sequence>48</sequence>
  <level>END</level>
  <class>com.kms.katalon.core.logging.XmlKeywordLogger</class>
  <method>endKeyword</method>
  <thread>1</thread>
  <message>End action : Response = sendRequest(findTestObject(&amp;quot;REST_API/04_Transactions/CreateTransactions_InvalidQuantity&amp;quot;))</message>
  <nestedLevel>1</nestedLevel>
  <escapedJava>false</escapedJava>
</record>
<record>
  <date>2022-05-10T23:44:46</date>
  <millis>1652201086170</millis>
  <sequence>49</sequence>
  <level>START</level>
  <class>com.kms.katalon.core.logging.XmlKeywordLogger</class>
  <method>startKeyword</method>
  <thread>1</thread>
  <message>Start action : verifyResponseStatusCode(Response, 400)</message>
  <nestedLevel>1</nestedLevel>
  <escapedJava>false</escapedJava>
  <property name="startLine">22</property>
  <property name="stepIndex">2</property>
</record>
<record>
  <date>2022-05-10T23:44:46</date>
  <millis>1652201086180</millis>
  <sequence>51</sequence>
  <level>PASSED</level>
  <class>com.kms.katalon.core.logging.XmlKeywordLogger</class>
  <method>logMessage</method>
  <thread>1</thread>
  <message>Verify response status code successfully</message>
  <nestedLevel>1</nestedLevel>
  <escapedJava>false</escapedJava>
  <property name="testops-is-assertion">true</property>
  <property name="testops-method-name">com.kms.katalon.core.webservice.keyword.builtin.VerifyResponseStatusCodeKeyword.verifyResponseStatusCode</property>
  <property name="testops-execution-stacktrace"></property>
</record>
<record>
  <date>2022-05-10T23:44:46</date>
  <millis>1652201086183</millis>
  <sequence>52</sequence>
  <level>END</level>
  <class>com.kms.katalon.core.logging.XmlKeywordLogger</class>
  <method>endKeyword</method>
  <thread>1</thread>
  <message>End action : verifyResponseStatusCode(Response, 400)</message>
  <nestedLevel>1</nestedLevel>
  <escapedJava>false</escapedJava>
</record>
<record>
  <date>2022-05-10T23:44:46</date>
  <millis>1652201086184</millis>
  <sequence>53</sequence>
  <level>START</level>
  <class>com.kms.katalon.core.logging.XmlKeywordLogger</class>
  <method>startKeyword</method>
  <thread>1</thread>
  <message>Start action : verifyElementPropertyValue(Response, &amp;quot;error&amp;quot;, &amp;quot;invalid character &amp;apos;I&amp;apos; looking for beginning of value&amp;quot;)</message>
  <nestedLevel>1</nestedLevel>
  <escapedJava>false</escapedJava>
  <property name="startLine">24</property>
  <property name="stepIndex">3</property>
</record>
<record>
  <date>2022-05-10T23:44:46</date>
  <millis>1652201086218</millis>
  <sequence>55</sequence>
  <level>PASSED</level>
  <class>com.kms.katalon.core.logging.XmlKeywordLogger</class>
  <method>logMessage</method>
  <thread>1</thread>
  <message>Verify element property value successfully</message>
  <nestedLevel>1</nestedLevel>
  <escapedJava>false</escapedJava>
  <property name="testops-is-assertion">true</property>
  <property name="testops-method-name">com.kms.katalon.core.webservice.keyword.builtin.VerifyElementPropertyValueKeyword.verifyElementPropertyValue</property>
  <property name="testops-execution-stacktrace"></property>
</record>
<record>
  <date>2022-05-10T23:44:46</date>
  <millis>1652201086218</millis>
  <sequence>56</sequence>
  <level>END</level>
  <class>com.kms.katalon.core.logging.XmlKeywordLogger</class>
  <method>endKeyword</method>
  <thread>1</thread>
  <message>End action : verifyElementPropertyValue(Response, &amp;quot;error&amp;quot;, &amp;quot;invalid character &amp;apos;I&amp;apos; looking for beginning of value&amp;quot;)</message>
  <nestedLevel>1</nestedLevel>
  <escapedJava>false</escapedJava>
</record>
<record>
  <date>2022-05-10T23:44:46</date>
  <millis>1652201086219</millis>
  <sequence>57</sequence>
  <level>PASSED</level>
  <class>com.kms.katalon.core.logging.XmlKeywordLogger</class>
  <method>logMessage</method>
  <thread>1</thread>
  <message>Test Cases/REST_API/04_Transactions/TC04_CreateTransactionsInvalidQuantity</message>
  <nestedLevel>1</nestedLevel>
  <escapedJava>false</escapedJava>
</record>
<record>
  <date>2022-05-10T23:44:46</date>
  <millis>1652201086220</millis>
  <sequence>58</sequence>
  <level>END</level>
  <class>com.kms.katalon.core.logging.XmlKeywordLogger</class>
  <method>endTest</method>
  <thread>1</thread>
  <message>End Test Case : Test Cases/REST_API/04_Transactions/TC04_CreateTransactionsInvalidQuantity</message>
  <nestedLevel>0</nestedLevel>
  <escapedJava>false</escapedJava>
  <property name="executionBindingVariables">[]</property>
  <property name="keywordsUsage">{
  &quot;web_ui&quot;: false,
  &quot;web_service&quot;: true,
  &quot;cucumber&quot;: false,
  &quot;builtin&quot;: false,
  &quot;mobile&quot;: false,
  &quot;windows&quot;: false,
  &quot;testng&quot;: false
}</property>
</record>
<record>
  <date>2022-05-10T23:44:46</date>
  <millis>1652201086239</millis>
  <sequence>59</sequence>
  <level>START</level>
  <class>com.kms.katalon.core.logging.XmlKeywordLogger</class>
  <method>startTest</method>
  <thread>1</thread>
  <message>Start Test Case : Test Cases/REST_API/04_Transactions/TC05_CreateTransactionsEmptyData</message>
  <nestedLevel>1</nestedLevel>
  <escapedJava>false</escapedJava>
  <property name="name">Test Cases/REST_API/04_Transactions/TC05_CreateTransactionsEmptyData</property>
  <property name="description"></property>
  <property name="id">Test Cases/REST_API/04_Transactions/TC05_CreateTransactionsEmptyData</property>
  <property name="source">F:\1. UNNES\6. Semester 6\2 - MSIB\final-project-qe-alta4\final-project-qe-alta\Test Cases\REST_API\04_Transactions\TC05_CreateTransactionsEmptyData.tc</property>
  <property name="tag"></property>
  <property name="isOptional">false</property>
</record>
<record>
  <date>2022-05-10T23:44:46</date>
  <millis>1652201086565</millis>
  <sequence>61</sequence>
  <level>START</level>
  <class>com.kms.katalon.core.logging.XmlKeywordLogger</class>
  <method>startKeyword</method>
  <thread>1</thread>
  <message>Start action : Response = sendRequest(findTestObject(&amp;quot;REST_API/04_Transactions/CreateTransactions_EmptyData&amp;quot;))</message>
  <nestedLevel>1</nestedLevel>
  <escapedJava>false</escapedJava>
  <property name="startLine">20</property>
  <property name="stepIndex">1</property>
</record>
<record>
  <date>2022-05-10T23:44:46</date>
  <millis>1652201086959</millis>
  <sequence>64</sequence>
  <level>INFO</level>
  <class>com.kms.katalon.core.logging.XmlKeywordLogger</class>
  <method>logMessage</method>
  <thread>1</thread>
  <message>HAR: F:\1. UNNES\6. Semester 6\2 - MSIB\final-project-qe-alta4\final-project-qe-alta\Reports\20220510_234336\REST_API\04_Transactions\20220510_234344\requests\main\3.har</message>
  <nestedLevel>1</nestedLevel>
  <escapedJava>false</escapedJava>
  <property name="harId">93b63c61-a21e-422b-84d1-7f1c06d1838d</property>
</record>
<record>
  <date>2022-05-10T23:44:46</date>
  <millis>1652201086967</millis>
  <sequence>65</sequence>
  <level>PASSED</level>
  <class>com.kms.katalon.core.logging.XmlKeywordLogger</class>
  <method>logMessage</method>
  <thread>1</thread>
  <message>Send request successfully</message>
  <nestedLevel>1</nestedLevel>
  <escapedJava>false</escapedJava>
  <property name="testops-method-name">com.kms.katalon.core.webservice.keyword.builtin.SendRequestKeyword.sendRequest</property>
  <property name="testops-execution-stacktrace"></property>
</record>
<record>
  <date>2022-05-10T23:44:46</date>
  <millis>1652201086970</millis>
  <sequence>66</sequence>
  <level>END</level>
  <class>com.kms.katalon.core.logging.XmlKeywordLogger</class>
  <method>endKeyword</method>
  <thread>1</thread>
  <message>End action : Response = sendRequest(findTestObject(&amp;quot;REST_API/04_Transactions/CreateTransactions_EmptyData&amp;quot;))</message>
  <nestedLevel>1</nestedLevel>
  <escapedJava>false</escapedJava>
</record>
<record>
  <date>2022-05-10T23:44:46</date>
  <millis>1652201086973</millis>
  <sequence>67</sequence>
  <level>START</level>
  <class>com.kms.katalon.core.logging.XmlKeywordLogger</class>
  <method>startKeyword</method>
  <thread>1</thread>
  <message>Start action : verifyResponseStatusCode(Response, 400)</message>
  <nestedLevel>1</nestedLevel>
  <escapedJava>false</escapedJava>
  <property name="startLine">22</property>
  <property name="stepIndex">2</property>
</record>
<record>
  <date>2022-05-10T23:44:46</date>
  <millis>1652201086982</millis>
  <sequence>69</sequence>
  <level>PASSED</level>
  <class>com.kms.katalon.core.logging.XmlKeywordLogger</class>
  <method>logMessage</method>
  <thread>1</thread>
  <message>Verify response status code successfully</message>
  <nestedLevel>1</nestedLevel>
  <escapedJava>false</escapedJava>
  <property name="testops-is-assertion">true</property>
  <property name="testops-method-name">com.kms.katalon.core.webservice.keyword.builtin.VerifyResponseStatusCodeKeyword.verifyResponseStatusCode</property>
  <property name="testops-execution-stacktrace"></property>
</record>
<record>
  <date>2022-05-10T23:44:46</date>
  <millis>1652201086985</millis>
  <sequence>70</sequence>
  <level>END</level>
  <class>com.kms.katalon.core.logging.XmlKeywordLogger</class>
  <method>endKeyword</method>
  <thread>1</thread>
  <message>End action : verifyResponseStatusCode(Response, 400)</message>
  <nestedLevel>1</nestedLevel>
  <escapedJava>false</escapedJava>
</record>
<record>
  <date>2022-05-10T23:44:46</date>
  <millis>1652201086986</millis>
  <sequence>71</sequence>
  <level>START</level>
  <class>com.kms.katalon.core.logging.XmlKeywordLogger</class>
  <method>startKeyword</method>
  <thread>1</thread>
  <message>Start action : verifyElementPropertyValue(Response, &amp;quot;error&amp;quot;, &amp;quot;EOF&amp;quot;)</message>
  <nestedLevel>1</nestedLevel>
  <escapedJava>false</escapedJava>
  <property name="startLine">24</property>
  <property name="stepIndex">3</property>
</record>
<record>
  <date>2022-05-10T23:44:47</date>
  <millis>1652201087024</millis>
  <sequence>73</sequence>
  <level>PASSED</level>
  <class>com.kms.katalon.core.logging.XmlKeywordLogger</class>
  <method>logMessage</method>
  <thread>1</thread>
  <message>Verify element property value successfully</message>
  <nestedLevel>1</nestedLevel>
  <escapedJava>false</escapedJava>
  <property name="testops-is-assertion">true</property>
  <property name="testops-method-name">com.kms.katalon.core.webservice.keyword.builtin.VerifyElementPropertyValueKeyword.verifyElementPropertyValue</property>
  <property name="testops-execution-stacktrace"></property>
</record>
<record>
  <date>2022-05-10T23:44:47</date>
  <millis>1652201087025</millis>
  <sequence>74</sequence>
  <level>END</level>
  <class>com.kms.katalon.core.logging.XmlKeywordLogger</class>
  <method>endKeyword</method>
  <thread>1</thread>
  <message>End action : verifyElementPropertyValue(Response, &amp;quot;error&amp;quot;, &amp;quot;EOF&amp;quot;)</message>
  <nestedLevel>1</nestedLevel>
  <escapedJava>false</escapedJava>
</record>
<record>
  <date>2022-05-10T23:44:47</date>
  <millis>1652201087025</millis>
  <sequence>75</sequence>
  <level>PASSED</level>
  <class>com.kms.katalon.core.logging.XmlKeywordLogger</class>
  <method>logMessage</method>
  <thread>1</thread>
  <message>Test Cases/REST_API/04_Transactions/TC05_CreateTransactionsEmptyData</message>
  <nestedLevel>1</nestedLevel>
  <escapedJava>false</escapedJava>
</record>
<record>
  <date>2022-05-10T23:44:47</date>
  <millis>1652201087027</millis>
  <sequence>76</sequence>
  <level>END</level>
  <class>com.kms.katalon.core.logging.XmlKeywordLogger</class>
  <method>endTest</method>
  <thread>1</thread>
  <message>End Test Case : Test Cases/REST_API/04_Transactions/TC05_CreateTransactionsEmptyData</message>
  <nestedLevel>0</nestedLevel>
  <escapedJava>false</escapedJava>
  <property name="executionBindingVariables">[]</property>
  <property name="keywordsUsage">{
  &quot;web_ui&quot;: false,
  &quot;web_service&quot;: true,
  &quot;cucumber&quot;: false,
  &quot;builtin&quot;: false,
  &quot;mobile&quot;: false,
  &quot;windows&quot;: false,
  &quot;testng&quot;: false
}</property>
</record>
<record>
  <date>2022-05-10T23:44:47</date>
  <millis>1652201087034</millis>
  <sequence>77</sequence>
  <level>START</level>
  <class>com.kms.katalon.core.logging.XmlKeywordLogger</class>
  <method>startTest</method>
  <thread>1</thread>
  <message>Start Test Case : Test Cases/REST_API/04_Transactions/TC06_GetAllTransactionsInvalidToken</message>
  <nestedLevel>1</nestedLevel>
  <escapedJava>false</escapedJava>
  <property name="name">Test Cases/REST_API/04_Transactions/TC06_GetAllTransactionsInvalidToken</property>
  <property name="description"></property>
  <property name="id">Test Cases/REST_API/04_Transactions/TC06_GetAllTransactionsInvalidToken</property>
  <property name="source">F:\1. UNNES\6. Semester 6\2 - MSIB\final-project-qe-alta4\final-project-qe-alta\Test Cases\REST_API\04_Transactions\TC06_GetAllTransactionsInvalidToken.tc</property>
  <property name="tag"></property>
  <property name="isOptional">false</property>
</record>
<record>
  <date>2022-05-10T23:44:47</date>
  <millis>1652201087339</millis>
  <sequence>79</sequence>
  <level>START</level>
  <class>com.kms.katalon.core.logging.XmlKeywordLogger</class>
  <method>startKeyword</method>
  <thread>1</thread>
  <message>Start action : Response = sendRequest(findTestObject(&amp;quot;REST_API/04_Transactions/GetAllTransactions_InvalidToken&amp;quot;))</message>
  <nestedLevel>1</nestedLevel>
  <escapedJava>false</escapedJava>
  <property name="startLine">20</property>
  <property name="stepIndex">1</property>
</record>
<record>
  <date>2022-05-10T23:44:47</date>
  <millis>1652201087700</millis>
  <sequence>82</sequence>
  <level>INFO</level>
  <class>com.kms.katalon.core.logging.XmlKeywordLogger</class>
  <method>logMessage</method>
  <thread>1</thread>
  <message>HAR: F:\1. UNNES\6. Semester 6\2 - MSIB\final-project-qe-alta4\final-project-qe-alta\Reports\20220510_234336\REST_API\04_Transactions\20220510_234344\requests\main\4.har</message>
  <nestedLevel>1</nestedLevel>
  <escapedJava>false</escapedJava>
  <property name="harId">2d8b260d-4888-43eb-993f-17a716b194d7</property>
</record>
<record>
  <date>2022-05-10T23:44:47</date>
  <millis>1652201087703</millis>
  <sequence>83</sequence>
  <level>PASSED</level>
  <class>com.kms.katalon.core.logging.XmlKeywordLogger</class>
  <method>logMessage</method>
  <thread>1</thread>
  <message>Send request successfully</message>
  <nestedLevel>1</nestedLevel>
  <escapedJava>false</escapedJava>
  <property name="testops-method-name">com.kms.katalon.core.webservice.keyword.builtin.SendRequestKeyword.sendRequest</property>
  <property name="testops-execution-stacktrace"></property>
</record>
<record>
  <date>2022-05-10T23:44:47</date>
  <millis>1652201087704</millis>
  <sequence>84</sequence>
  <level>END</level>
  <class>com.kms.katalon.core.logging.XmlKeywordLogger</class>
  <method>endKeyword</method>
  <thread>1</thread>
  <message>End action : Response = sendRequest(findTestObject(&amp;quot;REST_API/04_Transactions/GetAllTransactions_InvalidToken&amp;quot;))</message>
  <nestedLevel>1</nestedLevel>
  <escapedJava>false</escapedJava>
</record>
<record>
  <date>2022-05-10T23:44:47</date>
  <millis>1652201087704</millis>
  <sequence>85</sequence>
  <level>START</level>
  <class>com.kms.katalon.core.logging.XmlKeywordLogger</class>
  <method>startKeyword</method>
  <thread>1</thread>
  <message>Start action : verifyResponseStatusCode(Response, 401)</message>
  <nestedLevel>1</nestedLevel>
  <escapedJava>false</escapedJava>
  <property name="startLine">22</property>
  <property name="stepIndex">2</property>
</record>
<record>
  <date>2022-05-10T23:44:47</date>
  <millis>1652201087708</millis>
  <sequence>87</sequence>
  <level>PASSED</level>
  <class>com.kms.katalon.core.logging.XmlKeywordLogger</class>
  <method>logMessage</method>
  <thread>1</thread>
  <message>Verify response status code successfully</message>
  <nestedLevel>1</nestedLevel>
  <escapedJava>false</escapedJava>
  <property name="testops-is-assertion">true</property>
  <property name="testops-method-name">com.kms.katalon.core.webservice.keyword.builtin.VerifyResponseStatusCodeKeyword.verifyResponseStatusCode</property>
  <property name="testops-execution-stacktrace"></property>
</record>
<record>
  <date>2022-05-10T23:44:47</date>
  <millis>1652201087709</millis>
  <sequence>88</sequence>
  <level>END</level>
  <class>com.kms.katalon.core.logging.XmlKeywordLogger</class>
  <method>endKeyword</method>
  <thread>1</thread>
  <message>End action : verifyResponseStatusCode(Response, 401)</message>
  <nestedLevel>1</nestedLevel>
  <escapedJava>false</escapedJava>
</record>
<record>
  <date>2022-05-10T23:44:47</date>
  <millis>1652201087709</millis>
  <sequence>89</sequence>
  <level>START</level>
  <class>com.kms.katalon.core.logging.XmlKeywordLogger</class>
  <method>startKeyword</method>
  <thread>1</thread>
  <message>Start action : verifyElementPropertyValue(Response, &amp;quot;error&amp;quot;, &amp;quot;signature is invalid&amp;quot;)</message>
  <nestedLevel>1</nestedLevel>
  <escapedJava>false</escapedJava>
  <property name="startLine">24</property>
  <property name="stepIndex">3</property>
</record>
<record>
  <date>2022-05-10T23:44:47</date>
  <millis>1652201087732</millis>
  <sequence>91</sequence>
  <level>PASSED</level>
  <class>com.kms.katalon.core.logging.XmlKeywordLogger</class>
  <method>logMessage</method>
  <thread>1</thread>
  <message>Verify element property value successfully</message>
  <nestedLevel>1</nestedLevel>
  <escapedJava>false</escapedJava>
  <property name="testops-is-assertion">true</property>
  <property name="testops-method-name">com.kms.katalon.core.webservice.keyword.builtin.VerifyElementPropertyValueKeyword.verifyElementPropertyValue</property>
  <property name="testops-execution-stacktrace"></property>
</record>
<record>
  <date>2022-05-10T23:44:47</date>
  <millis>1652201087733</millis>
  <sequence>92</sequence>
  <level>END</level>
  <class>com.kms.katalon.core.logging.XmlKeywordLogger</class>
  <method>endKeyword</method>
  <thread>1</thread>
  <message>End action : verifyElementPropertyValue(Response, &amp;quot;error&amp;quot;, &amp;quot;signature is invalid&amp;quot;)</message>
  <nestedLevel>1</nestedLevel>
  <escapedJava>false</escapedJava>
</record>
<record>
  <date>2022-05-10T23:44:47</date>
  <millis>1652201087733</millis>
  <sequence>93</sequence>
  <level>PASSED</level>
  <class>com.kms.katalon.core.logging.XmlKeywordLogger</class>
  <method>logMessage</method>
  <thread>1</thread>
  <message>Test Cases/REST_API/04_Transactions/TC06_GetAllTransactionsInvalidToken</message>
  <nestedLevel>1</nestedLevel>
  <escapedJava>false</escapedJava>
</record>
<record>
  <date>2022-05-10T23:44:47</date>
  <millis>1652201087734</millis>
  <sequence>94</sequence>
  <level>END</level>
  <class>com.kms.katalon.core.logging.XmlKeywordLogger</class>
  <method>endTest</method>
  <thread>1</thread>
  <message>End Test Case : Test Cases/REST_API/04_Transactions/TC06_GetAllTransactionsInvalidToken</message>
  <nestedLevel>0</nestedLevel>
  <escapedJava>false</escapedJava>
  <property name="executionBindingVariables">[]</property>
  <property name="keywordsUsage">{
  &quot;web_ui&quot;: false,
  &quot;web_service&quot;: true,
  &quot;cucumber&quot;: false,
  &quot;builtin&quot;: false,
  &quot;mobile&quot;: false,
  &quot;windows&quot;: false,
  &quot;testng&quot;: false
}</property>
</record>
<record>
  <date>2022-05-10T23:44:47</date>
  <millis>1652201087743</millis>
  <sequence>95</sequence>
  <level>START</level>
  <class>com.kms.katalon.core.logging.XmlKeywordLogger</class>
  <method>startTest</method>
  <thread>1</thread>
  <message>Start Test Case : Test Cases/REST_API/04_Transactions/TC07_CreateTransactionsInvalidToken</message>
  <nestedLevel>1</nestedLevel>
  <escapedJava>false</escapedJava>
  <property name="name">Test Cases/REST_API/04_Transactions/TC07_CreateTransactionsInvalidToken</property>
  <property name="description"></property>
  <property name="id">Test Cases/REST_API/04_Transactions/TC07_CreateTransactionsInvalidToken</property>
  <property name="source">F:\1. UNNES\6. Semester 6\2 - MSIB\final-project-qe-alta4\final-project-qe-alta\Test Cases\REST_API\04_Transactions\TC07_CreateTransactionsInvalidToken.tc</property>
  <property name="tag"></property>
  <property name="isOptional">false</property>
</record>
<record>
  <date>2022-05-10T23:44:48</date>
  <millis>1652201088124</millis>
  <sequence>97</sequence>
  <level>START</level>
  <class>com.kms.katalon.core.logging.XmlKeywordLogger</class>
  <method>startKeyword</method>
  <thread>1</thread>
  <message>Start action : Response = sendRequest(findTestObject(&amp;quot;REST_API/04_Transactions/CreateTransactions_InvalidToken&amp;quot;))</message>
  <nestedLevel>1</nestedLevel>
  <escapedJava>false</escapedJava>
  <property name="startLine">20</property>
  <property name="stepIndex">1</property>
</record>
<record>
  <date>2022-05-10T23:44:48</date>
  <millis>1652201088448</millis>
  <sequence>100</sequence>
  <level>INFO</level>
  <class>com.kms.katalon.core.logging.XmlKeywordLogger</class>
  <method>logMessage</method>
  <thread>1</thread>
  <message>HAR: F:\1. UNNES\6. Semester 6\2 - MSIB\final-project-qe-alta4\final-project-qe-alta\Reports\20220510_234336\REST_API\04_Transactions\20220510_234344\requests\main\5.har</message>
  <nestedLevel>1</nestedLevel>
  <escapedJava>false</escapedJava>
  <property name="harId">a18c1cdc-16c9-4f0e-904d-794f1d9792cf</property>
</record>
<record>
  <date>2022-05-10T23:44:48</date>
  <millis>1652201088450</millis>
  <sequence>101</sequence>
  <level>PASSED</level>
  <class>com.kms.katalon.core.logging.XmlKeywordLogger</class>
  <method>logMessage</method>
  <thread>1</thread>
  <message>Send request successfully</message>
  <nestedLevel>1</nestedLevel>
  <escapedJava>false</escapedJava>
  <property name="testops-method-name">com.kms.katalon.core.webservice.keyword.builtin.SendRequestKeyword.sendRequest</property>
  <property name="testops-execution-stacktrace"></property>
</record>
<record>
  <date>2022-05-10T23:44:48</date>
  <millis>1652201088451</millis>
  <sequence>102</sequence>
  <level>END</level>
  <class>com.kms.katalon.core.logging.XmlKeywordLogger</class>
  <method>endKeyword</method>
  <thread>1</thread>
  <message>End action : Response = sendRequest(findTestObject(&amp;quot;REST_API/04_Transactions/CreateTransactions_InvalidToken&amp;quot;))</message>
  <nestedLevel>1</nestedLevel>
  <escapedJava>false</escapedJava>
</record>
<record>
  <date>2022-05-10T23:44:48</date>
  <millis>1652201088452</millis>
  <sequence>103</sequence>
  <level>START</level>
  <class>com.kms.katalon.core.logging.XmlKeywordLogger</class>
  <method>startKeyword</method>
  <thread>1</thread>
  <message>Start action : verifyResponseStatusCode(Response, 401)</message>
  <nestedLevel>1</nestedLevel>
  <escapedJava>false</escapedJava>
  <property name="startLine">22</property>
  <property name="stepIndex">2</property>
</record>
<record>
  <date>2022-05-10T23:44:48</date>
  <millis>1652201088454</millis>
  <sequence>105</sequence>
  <level>PASSED</level>
  <class>com.kms.katalon.core.logging.XmlKeywordLogger</class>
  <method>logMessage</method>
  <thread>1</thread>
  <message>Verify response status code successfully</message>
  <nestedLevel>1</nestedLevel>
  <escapedJava>false</escapedJava>
  <property name="testops-is-assertion">true</property>
  <property name="testops-method-name">com.kms.katalon.core.webservice.keyword.builtin.VerifyResponseStatusCodeKeyword.verifyResponseStatusCode</property>
  <property name="testops-execution-stacktrace"></property>
</record>
<record>
  <date>2022-05-10T23:44:48</date>
  <millis>1652201088454</millis>
  <sequence>106</sequence>
  <level>END</level>
  <class>com.kms.katalon.core.logging.XmlKeywordLogger</class>
  <method>endKeyword</method>
  <thread>1</thread>
  <message>End action : verifyResponseStatusCode(Response, 401)</message>
  <nestedLevel>1</nestedLevel>
  <escapedJava>false</escapedJava>
</record>
<record>
  <date>2022-05-10T23:44:48</date>
  <millis>1652201088454</millis>
  <sequence>107</sequence>
  <level>START</level>
  <class>com.kms.katalon.core.logging.XmlKeywordLogger</class>
  <method>startKeyword</method>
  <thread>1</thread>
  <message>Start action : verifyElementPropertyValue(Response, &amp;quot;error&amp;quot;, &amp;quot;signature is invalid&amp;quot;)</message>
  <nestedLevel>1</nestedLevel>
  <escapedJava>false</escapedJava>
  <property name="startLine">24</property>
  <property name="stepIndex">3</property>
</record>
<record>
  <date>2022-05-10T23:44:48</date>
  <millis>1652201088479</millis>
  <sequence>109</sequence>
  <level>PASSED</level>
  <class>com.kms.katalon.core.logging.XmlKeywordLogger</class>
  <method>logMessage</method>
  <thread>1</thread>
  <message>Verify element property value successfully</message>
  <nestedLevel>1</nestedLevel>
  <escapedJava>false</escapedJava>
  <property name="testops-is-assertion">true</property>
  <property name="testops-method-name">com.kms.katalon.core.webservice.keyword.builtin.VerifyElementPropertyValueKeyword.verifyElementPropertyValue</property>
  <property name="testops-execution-stacktrace"></property>
</record>
<record>
  <date>2022-05-10T23:44:48</date>
  <millis>1652201088479</millis>
  <sequence>110</sequence>
  <level>END</level>
  <class>com.kms.katalon.core.logging.XmlKeywordLogger</class>
  <method>endKeyword</method>
  <thread>1</thread>
  <message>End action : verifyElementPropertyValue(Response, &amp;quot;error&amp;quot;, &amp;quot;signature is invalid&amp;quot;)</message>
  <nestedLevel>1</nestedLevel>
  <escapedJava>false</escapedJava>
</record>
<record>
  <date>2022-05-10T23:44:48</date>
  <millis>1652201088480</millis>
  <sequence>111</sequence>
  <level>PASSED</level>
  <class>com.kms.katalon.core.logging.XmlKeywordLogger</class>
  <method>logMessage</method>
  <thread>1</thread>
  <message>Test Cases/REST_API/04_Transactions/TC07_CreateTransactionsInvalidToken</message>
  <nestedLevel>1</nestedLevel>
  <escapedJava>false</escapedJava>
</record>
<record>
  <date>2022-05-10T23:44:48</date>
  <millis>1652201088480</millis>
  <sequence>112</sequence>
  <level>END</level>
  <class>com.kms.katalon.core.logging.XmlKeywordLogger</class>
  <method>endTest</method>
  <thread>1</thread>
  <message>End Test Case : Test Cases/REST_API/04_Transactions/TC07_CreateTransactionsInvalidToken</message>
  <nestedLevel>0</nestedLevel>
  <escapedJava>false</escapedJava>
  <property name="executionBindingVariables">[]</property>
  <property name="keywordsUsage">{
  &quot;web_ui&quot;: false,
  &quot;web_service&quot;: true,
  &quot;cucumber&quot;: false,
  &quot;builtin&quot;: false,
  &quot;mobile&quot;: false,
  &quot;windows&quot;: false,
  &quot;testng&quot;: false
}</property>
</record>
<record>
  <date>2022-05-10T23:44:48</date>
  <millis>1652201088488</millis>
  <sequence>113</sequence>
  <level>START</level>
  <class>com.kms.katalon.core.logging.XmlKeywordLogger</class>
  <method>startTest</method>
  <thread>1</thread>
  <message>Start Test Case : Test Cases/REST_API/04_Transactions/TC08_CreateTransactionsEmptyToken</message>
  <nestedLevel>1</nestedLevel>
  <escapedJava>false</escapedJava>
  <property name="name">Test Cases/REST_API/04_Transactions/TC08_CreateTransactionsEmptyToken</property>
  <property name="description"></property>
  <property name="id">Test Cases/REST_API/04_Transactions/TC08_CreateTransactionsEmptyToken</property>
  <property name="source">F:\1. UNNES\6. Semester 6\2 - MSIB\final-project-qe-alta4\final-project-qe-alta\Test Cases\REST_API\04_Transactions\TC08_CreateTransactionsEmptyToken.tc</property>
  <property name="tag"></property>
  <property name="isOptional">false</property>
</record>
<record>
  <date>2022-05-10T23:44:48</date>
  <millis>1652201088777</millis>
  <sequence>115</sequence>
  <level>START</level>
  <class>com.kms.katalon.core.logging.XmlKeywordLogger</class>
  <method>startKeyword</method>
  <thread>1</thread>
  <message>Start action : Response = sendRequest(findTestObject(&amp;quot;REST_API/04_Transactions/CreateTransactions_EmptyToken&amp;quot;))</message>
  <nestedLevel>1</nestedLevel>
  <escapedJava>false</escapedJava>
  <property name="startLine">20</property>
  <property name="stepIndex">1</property>
</record>
<record>
  <date>2022-05-10T23:44:49</date>
  <millis>1652201089107</millis>
  <sequence>118</sequence>
  <level>INFO</level>
  <class>com.kms.katalon.core.logging.XmlKeywordLogger</class>
  <method>logMessage</method>
  <thread>1</thread>
  <message>HAR: F:\1. UNNES\6. Semester 6\2 - MSIB\final-project-qe-alta4\final-project-qe-alta\Reports\20220510_234336\REST_API\04_Transactions\20220510_234344\requests\main\6.har</message>
  <nestedLevel>1</nestedLevel>
  <escapedJava>false</escapedJava>
  <property name="harId">721d8050-8880-43ca-912d-236c968b262a</property>
</record>
<record>
  <date>2022-05-10T23:44:49</date>
  <millis>1652201089110</millis>
  <sequence>119</sequence>
  <level>PASSED</level>
  <class>com.kms.katalon.core.logging.XmlKeywordLogger</class>
  <method>logMessage</method>
  <thread>1</thread>
  <message>Send request successfully</message>
  <nestedLevel>1</nestedLevel>
  <escapedJava>false</escapedJava>
  <property name="testops-method-name">com.kms.katalon.core.webservice.keyword.builtin.SendRequestKeyword.sendRequest</property>
  <property name="testops-execution-stacktrace"></property>
</record>
<record>
  <date>2022-05-10T23:44:49</date>
  <millis>1652201089111</millis>
  <sequence>120</sequence>
  <level>END</level>
  <class>com.kms.katalon.core.logging.XmlKeywordLogger</class>
  <method>endKeyword</method>
  <thread>1</thread>
  <message>End action : Response = sendRequest(findTestObject(&amp;quot;REST_API/04_Transactions/CreateTransactions_EmptyToken&amp;quot;))</message>
  <nestedLevel>1</nestedLevel>
  <escapedJava>false</escapedJava>
</record>
<record>
  <date>2022-05-10T23:44:49</date>
  <millis>1652201089111</millis>
  <sequence>121</sequence>
  <level>START</level>
  <class>com.kms.katalon.core.logging.XmlKeywordLogger</class>
  <method>startKeyword</method>
  <thread>1</thread>
  <message>Start action : verifyResponseStatusCode(Response, 401)</message>
  <nestedLevel>1</nestedLevel>
  <escapedJava>false</escapedJava>
  <property name="startLine">22</property>
  <property name="stepIndex">2</property>
</record>
<record>
  <date>2022-05-10T23:44:49</date>
  <millis>1652201089115</millis>
  <sequence>123</sequence>
  <level>PASSED</level>
  <class>com.kms.katalon.core.logging.XmlKeywordLogger</class>
  <method>logMessage</method>
  <thread>1</thread>
  <message>Verify response status code successfully</message>
  <nestedLevel>1</nestedLevel>
  <escapedJava>false</escapedJava>
  <property name="testops-is-assertion">true</property>
  <property name="testops-method-name">com.kms.katalon.core.webservice.keyword.builtin.VerifyResponseStatusCodeKeyword.verifyResponseStatusCode</property>
  <property name="testops-execution-stacktrace"></property>
</record>
<record>
  <date>2022-05-10T23:44:49</date>
  <millis>1652201089118</millis>
  <sequence>124</sequence>
  <level>END</level>
  <class>com.kms.katalon.core.logging.XmlKeywordLogger</class>
  <method>endKeyword</method>
  <thread>1</thread>
  <message>End action : verifyResponseStatusCode(Response, 401)</message>
  <nestedLevel>1</nestedLevel>
  <escapedJava>false</escapedJava>
</record>
<record>
  <date>2022-05-10T23:44:49</date>
  <millis>1652201089118</millis>
  <sequence>125</sequence>
  <level>START</level>
  <class>com.kms.katalon.core.logging.XmlKeywordLogger</class>
  <method>startKeyword</method>
  <thread>1</thread>
  <message>Start action : verifyElementPropertyValue(Response, &amp;quot;error&amp;quot;, &amp;quot;unauthorized&amp;quot;)</message>
  <nestedLevel>1</nestedLevel>
  <escapedJava>false</escapedJava>
  <property name="startLine">24</property>
  <property name="stepIndex">3</property>
</record>
<record>
  <date>2022-05-10T23:44:49</date>
  <millis>1652201089155</millis>
  <sequence>127</sequence>
  <level>PASSED</level>
  <class>com.kms.katalon.core.logging.XmlKeywordLogger</class>
  <method>logMessage</method>
  <thread>1</thread>
  <message>Verify element property value successfully</message>
  <nestedLevel>1</nestedLevel>
  <escapedJava>false</escapedJava>
  <property name="testops-is-assertion">true</property>
  <property name="testops-method-name">com.kms.katalon.core.webservice.keyword.builtin.VerifyElementPropertyValueKeyword.verifyElementPropertyValue</property>
  <property name="testops-execution-stacktrace"></property>
</record>
<record>
  <date>2022-05-10T23:44:49</date>
  <millis>1652201089156</millis>
  <sequence>128</sequence>
  <level>END</level>
  <class>com.kms.katalon.core.logging.XmlKeywordLogger</class>
  <method>endKeyword</method>
  <thread>1</thread>
  <message>End action : verifyElementPropertyValue(Response, &amp;quot;error&amp;quot;, &amp;quot;unauthorized&amp;quot;)</message>
  <nestedLevel>1</nestedLevel>
  <escapedJava>false</escapedJava>
</record>
<record>
  <date>2022-05-10T23:44:49</date>
  <millis>1652201089157</millis>
  <sequence>129</sequence>
  <level>PASSED</level>
  <class>com.kms.katalon.core.logging.XmlKeywordLogger</class>
  <method>logMessage</method>
  <thread>1</thread>
  <message>Test Cases/REST_API/04_Transactions/TC08_CreateTransactionsEmptyToken</message>
  <nestedLevel>1</nestedLevel>
  <escapedJava>false</escapedJava>
</record>
<record>
  <date>2022-05-10T23:44:49</date>
  <millis>1652201089159</millis>
  <sequence>130</sequence>
  <level>END</level>
  <class>com.kms.katalon.core.logging.XmlKeywordLogger</class>
  <method>endTest</method>
  <thread>1</thread>
  <message>End Test Case : Test Cases/REST_API/04_Transactions/TC08_CreateTransactionsEmptyToken</message>
  <nestedLevel>0</nestedLevel>
  <escapedJava>false</escapedJava>
  <property name="executionBindingVariables">[]</property>
  <property name="keywordsUsage">{
  &quot;web_ui&quot;: false,
  &quot;web_service&quot;: true,
  &quot;cucumber&quot;: false,
  &quot;builtin&quot;: false,
  &quot;mobile&quot;: false,
  &quot;windows&quot;: false,
  &quot;testng&quot;: false
}</property>
</record>
<record>
  <date>2022-05-10T23:44:49</date>
  <millis>1652201089172</millis>
  <sequence>131</sequence>
  <level>START</level>
  <class>com.kms.katalon.core.logging.XmlKeywordLogger</class>
  <method>startTest</method>
  <thread>1</thread>
  <message>Start Test Case : Test Cases/REST_API/04_Transactions/TC09_GetAllTransactionsEmptyToken</message>
  <nestedLevel>1</nestedLevel>
  <escapedJava>false</escapedJava>
  <property name="name">Test Cases/REST_API/04_Transactions/TC09_GetAllTransactionsEmptyToken</property>
  <property name="description"></property>
  <property name="id">Test Cases/REST_API/04_Transactions/TC09_GetAllTransactionsEmptyToken</property>
  <property name="source">F:\1. UNNES\6. Semester 6\2 - MSIB\final-project-qe-alta4\final-project-qe-alta\Test Cases\REST_API\04_Transactions\TC09_GetAllTransactionsEmptyToken.tc</property>
  <property name="tag"></property>
  <property name="isOptional">false</property>
</record>
<record>
  <date>2022-05-10T23:44:49</date>
  <millis>1652201089676</millis>
  <sequence>133</sequence>
  <level>START</level>
  <class>com.kms.katalon.core.logging.XmlKeywordLogger</class>
  <method>startKeyword</method>
  <thread>1</thread>
  <message>Start action : Response = sendRequest(findTestObject(&amp;quot;REST_API/04_Transactions/GetAllTransactions_EmptyToken&amp;quot;))</message>
  <nestedLevel>1</nestedLevel>
  <escapedJava>false</escapedJava>
  <property name="startLine">20</property>
  <property name="stepIndex">1</property>
</record>
<record>
  <date>2022-05-10T23:44:50</date>
  <millis>1652201090014</millis>
  <sequence>136</sequence>
  <level>INFO</level>
  <class>com.kms.katalon.core.logging.XmlKeywordLogger</class>
  <method>logMessage</method>
  <thread>1</thread>
  <message>HAR: F:\1. UNNES\6. Semester 6\2 - MSIB\final-project-qe-alta4\final-project-qe-alta\Reports\20220510_234336\REST_API\04_Transactions\20220510_234344\requests\main\7.har</message>
  <nestedLevel>1</nestedLevel>
  <escapedJava>false</escapedJava>
  <property name="harId">5d09c1b9-81eb-4f99-9780-075e1c220241</property>
</record>
<record>
  <date>2022-05-10T23:44:50</date>
  <millis>1652201090017</millis>
  <sequence>137</sequence>
  <level>PASSED</level>
  <class>com.kms.katalon.core.logging.XmlKeywordLogger</class>
  <method>logMessage</method>
  <thread>1</thread>
  <message>Send request successfully</message>
  <nestedLevel>1</nestedLevel>
  <escapedJava>false</escapedJava>
  <property name="testops-method-name">com.kms.katalon.core.webservice.keyword.builtin.SendRequestKeyword.sendRequest</property>
  <property name="testops-execution-stacktrace"></property>
</record>
<record>
  <date>2022-05-10T23:44:50</date>
  <millis>1652201090018</millis>
  <sequence>138</sequence>
  <level>END</level>
  <class>com.kms.katalon.core.logging.XmlKeywordLogger</class>
  <method>endKeyword</method>
  <thread>1</thread>
  <message>End action : Response = sendRequest(findTestObject(&amp;quot;REST_API/04_Transactions/GetAllTransactions_EmptyToken&amp;quot;))</message>
  <nestedLevel>1</nestedLevel>
  <escapedJava>false</escapedJava>
</record>
<record>
  <date>2022-05-10T23:44:50</date>
  <millis>1652201090019</millis>
  <sequence>139</sequence>
  <level>START</level>
  <class>com.kms.katalon.core.logging.XmlKeywordLogger</class>
  <method>startKeyword</method>
  <thread>1</thread>
  <message>Start action : verifyResponseStatusCode(Response, 401)</message>
  <nestedLevel>1</nestedLevel>
  <escapedJava>false</escapedJava>
  <property name="startLine">22</property>
  <property name="stepIndex">2</property>
</record>
<record>
  <date>2022-05-10T23:44:50</date>
  <millis>1652201090021</millis>
  <sequence>141</sequence>
  <level>PASSED</level>
  <class>com.kms.katalon.core.logging.XmlKeywordLogger</class>
  <method>logMessage</method>
  <thread>1</thread>
  <message>Verify response status code successfully</message>
  <nestedLevel>1</nestedLevel>
  <escapedJava>false</escapedJava>
  <property name="testops-is-assertion">true</property>
  <property name="testops-method-name">com.kms.katalon.core.webservice.keyword.builtin.VerifyResponseStatusCodeKeyword.verifyResponseStatusCode</property>
  <property name="testops-execution-stacktrace"></property>
</record>
<record>
  <date>2022-05-10T23:44:50</date>
  <millis>1652201090022</millis>
  <sequence>142</sequence>
  <level>END</level>
  <class>com.kms.katalon.core.logging.XmlKeywordLogger</class>
  <method>endKeyword</method>
  <thread>1</thread>
  <message>End action : verifyResponseStatusCode(Response, 401)</message>
  <nestedLevel>1</nestedLevel>
  <escapedJava>false</escapedJava>
</record>
<record>
  <date>2022-05-10T23:44:50</date>
  <millis>1652201090023</millis>
  <sequence>143</sequence>
  <level>START</level>
  <class>com.kms.katalon.core.logging.XmlKeywordLogger</class>
  <method>startKeyword</method>
  <thread>1</thread>
  <message>Start action : verifyElementPropertyValue(Response, &amp;quot;error&amp;quot;, &amp;quot;unauthorized&amp;quot;)</message>
  <nestedLevel>1</nestedLevel>
  <escapedJava>false</escapedJava>
  <property name="startLine">24</property>
  <property name="stepIndex">3</property>
</record>
<record>
  <date>2022-05-10T23:44:50</date>
  <millis>1652201090047</millis>
  <sequence>145</sequence>
  <level>PASSED</level>
  <class>com.kms.katalon.core.logging.XmlKeywordLogger</class>
  <method>logMessage</method>
  <thread>1</thread>
  <message>Verify element property value successfully</message>
  <nestedLevel>1</nestedLevel>
  <escapedJava>false</escapedJava>
  <property name="testops-is-assertion">true</property>
  <property name="testops-method-name">com.kms.katalon.core.webservice.keyword.builtin.VerifyElementPropertyValueKeyword.verifyElementPropertyValue</property>
  <property name="testops-execution-stacktrace"></property>
</record>
<record>
  <date>2022-05-10T23:44:50</date>
  <millis>1652201090047</millis>
  <sequence>146</sequence>
  <level>END</level>
  <class>com.kms.katalon.core.logging.XmlKeywordLogger</class>
  <method>endKeyword</method>
  <thread>1</thread>
  <message>End action : verifyElementPropertyValue(Response, &amp;quot;error&amp;quot;, &amp;quot;unauthorized&amp;quot;)</message>
  <nestedLevel>1</nestedLevel>
  <escapedJava>false</escapedJava>
</record>
<record>
  <date>2022-05-10T23:44:50</date>
  <millis>1652201090047</millis>
  <sequence>147</sequence>
  <level>PASSED</level>
  <class>com.kms.katalon.core.logging.XmlKeywordLogger</class>
  <method>logMessage</method>
  <thread>1</thread>
  <message>Test Cases/REST_API/04_Transactions/TC09_GetAllTransactionsEmptyToken</message>
  <nestedLevel>1</nestedLevel>
  <escapedJava>false</escapedJava>
</record>
<record>
  <date>2022-05-10T23:44:50</date>
  <millis>1652201090050</millis>
  <sequence>148</sequence>
  <level>END</level>
  <class>com.kms.katalon.core.logging.XmlKeywordLogger</class>
  <method>endTest</method>
  <thread>1</thread>
  <message>End Test Case : Test Cases/REST_API/04_Transactions/TC09_GetAllTransactionsEmptyToken</message>
  <nestedLevel>0</nestedLevel>
  <escapedJava>false</escapedJava>
  <property name="executionBindingVariables">[]</property>
  <property name="keywordsUsage">{
  &quot;web_ui&quot;: false,
  &quot;web_service&quot;: true,
  &quot;cucumber&quot;: false,
  &quot;builtin&quot;: false,
  &quot;mobile&quot;: false,
  &quot;windows&quot;: false,
  &quot;testng&quot;: false
}</property>
</record>
<record>
  <date>2022-05-10T23:44:50</date>
  <millis>1652201090059</millis>
  <sequence>149</sequence>
  <level>START</level>
  <class>com.kms.katalon.core.logging.XmlKeywordLogger</class>
  <method>startTest</method>
  <thread>1</thread>
  <message>Start Test Case : Test Cases/REST_API/04_Transactions/TC01_GetAllTransactions</message>
  <nestedLevel>1</nestedLevel>
  <escapedJava>false</escapedJava>
  <property name="name">Test Cases/REST_API/04_Transactions/TC01_GetAllTransactions</property>
  <property name="description"></property>
  <property name="id">Test Cases/REST_API/04_Transactions/TC01_GetAllTransactions</property>
  <property name="source">F:\1. UNNES\6. Semester 6\2 - MSIB\final-project-qe-alta4\final-project-qe-alta\Test Cases\REST_API\04_Transactions\TC01_GetAllTransactions.tc</property>
  <property name="tag"></property>
  <property name="isOptional">false</property>
</record>
<record>
  <date>2022-05-10T23:44:50</date>
  <millis>1652201090434</millis>
  <sequence>151</sequence>
  <level>START</level>
  <class>com.kms.katalon.core.logging.XmlKeywordLogger</class>
  <method>startKeyword</method>
  <thread>1</thread>
  <message>Start action : Response = sendRequest(findTestObject(&amp;quot;REST_API/04_Transactions/GetAllTransactions&amp;quot;))</message>
  <nestedLevel>1</nestedLevel>
  <escapedJava>false</escapedJava>
  <property name="startLine">20</property>
  <property name="stepIndex">1</property>
</record>
<record>
  <date>2022-05-10T23:44:50</date>
  <millis>1652201090853</millis>
  <sequence>154</sequence>
  <level>INFO</level>
  <class>com.kms.katalon.core.logging.XmlKeywordLogger</class>
  <method>logMessage</method>
  <thread>1</thread>
  <message>HAR: F:\1. UNNES\6. Semester 6\2 - MSIB\final-project-qe-alta4\final-project-qe-alta\Reports\20220510_234336\REST_API\04_Transactions\20220510_234344\requests\main\8.har</message>
  <nestedLevel>1</nestedLevel>
  <escapedJava>false</escapedJava>
  <property name="harId">350f7003-81c0-4451-ae5e-ca9b1d591943</property>
</record>
<record>
  <date>2022-05-10T23:44:50</date>
  <millis>1652201090857</millis>
  <sequence>155</sequence>
  <level>PASSED</level>
  <class>com.kms.katalon.core.logging.XmlKeywordLogger</class>
  <method>logMessage</method>
  <thread>1</thread>
  <message>Send request successfully</message>
  <nestedLevel>1</nestedLevel>
  <escapedJava>false</escapedJava>
  <property name="testops-method-name">com.kms.katalon.core.webservice.keyword.builtin.SendRequestKeyword.sendRequest</property>
  <property name="testops-execution-stacktrace"></property>
</record>
<record>
  <date>2022-05-10T23:44:50</date>
  <millis>1652201090858</millis>
  <sequence>156</sequence>
  <level>END</level>
  <class>com.kms.katalon.core.logging.XmlKeywordLogger</class>
  <method>endKeyword</method>
  <thread>1</thread>
  <message>End action : Response = sendRequest(findTestObject(&amp;quot;REST_API/04_Transactions/GetAllTransactions&amp;quot;))</message>
  <nestedLevel>1</nestedLevel>
  <escapedJava>false</escapedJava>
</record>
<record>
  <date>2022-05-10T23:44:50</date>
  <millis>1652201090860</millis>
  <sequence>157</sequence>
  <level>START</level>
  <class>com.kms.katalon.core.logging.XmlKeywordLogger</class>
  <method>startKeyword</method>
  <thread>1</thread>
  <message>Start action : verifyResponseStatusCode(Response, 200)</message>
  <nestedLevel>1</nestedLevel>
  <escapedJava>false</escapedJava>
  <property name="startLine">22</property>
  <property name="stepIndex">2</property>
</record>
<record>
  <date>2022-05-10T23:44:50</date>
  <millis>1652201090864</millis>
  <sequence>159</sequence>
  <level>PASSED</level>
  <class>com.kms.katalon.core.logging.XmlKeywordLogger</class>
  <method>logMessage</method>
  <thread>1</thread>
  <message>Verify response status code successfully</message>
  <nestedLevel>1</nestedLevel>
  <escapedJava>false</escapedJava>
  <property name="testops-is-assertion">true</property>
  <property name="testops-method-name">com.kms.katalon.core.webservice.keyword.builtin.VerifyResponseStatusCodeKeyword.verifyResponseStatusCode</property>
  <property name="testops-execution-stacktrace"></property>
</record>
<record>
  <date>2022-05-10T23:44:50</date>
  <millis>1652201090866</millis>
  <sequence>160</sequence>
  <level>END</level>
  <class>com.kms.katalon.core.logging.XmlKeywordLogger</class>
  <method>endKeyword</method>
  <thread>1</thread>
  <message>End action : verifyResponseStatusCode(Response, 200)</message>
  <nestedLevel>1</nestedLevel>
  <escapedJava>false</escapedJava>
</record>
<record>
  <date>2022-05-10T23:44:50</date>
  <millis>1652201090868</millis>
  <sequence>161</sequence>
  <level>START</level>
  <class>com.kms.katalon.core.logging.XmlKeywordLogger</class>
  <method>startKeyword</method>
  <thread>1</thread>
  <message>Start action : verifyElementPropertyValue(Response, &amp;quot;data&amp;quot;, &amp;quot;[]&amp;quot;)</message>
  <nestedLevel>1</nestedLevel>
  <escapedJava>false</escapedJava>
  <property name="startLine">24</property>
  <property name="stepIndex">3</property>
</record>
<record>
  <date>2022-05-10T23:44:50</date>
  <millis>1652201090888</millis>
  <sequence>163</sequence>
  <level>PASSED</level>
  <class>com.kms.katalon.core.logging.XmlKeywordLogger</class>
  <method>logMessage</method>
  <thread>1</thread>
  <message>Verify element property value successfully</message>
  <nestedLevel>1</nestedLevel>
  <escapedJava>false</escapedJava>
  <property name="testops-is-assertion">true</property>
  <property name="testops-method-name">com.kms.katalon.core.webservice.keyword.builtin.VerifyElementPropertyValueKeyword.verifyElementPropertyValue</property>
  <property name="testops-execution-stacktrace"></property>
</record>
<record>
  <date>2022-05-10T23:44:50</date>
  <millis>1652201090889</millis>
  <sequence>164</sequence>
  <level>END</level>
  <class>com.kms.katalon.core.logging.XmlKeywordLogger</class>
  <method>endKeyword</method>
  <thread>1</thread>
  <message>End action : verifyElementPropertyValue(Response, &amp;quot;data&amp;quot;, &amp;quot;[]&amp;quot;)</message>
  <nestedLevel>1</nestedLevel>
  <escapedJava>false</escapedJava>
</record>
<record>
  <date>2022-05-10T23:44:50</date>
  <millis>1652201090889</millis>
  <sequence>165</sequence>
  <level>PASSED</level>
  <class>com.kms.katalon.core.logging.XmlKeywordLogger</class>
  <method>logMessage</method>
  <thread>1</thread>
  <message>Test Cases/REST_API/04_Transactions/TC01_GetAllTransactions</message>
  <nestedLevel>1</nestedLevel>
  <escapedJava>false</escapedJava>
</record>
<record>
  <date>2022-05-10T23:44:50</date>
  <millis>1652201090890</millis>
  <sequence>166</sequence>
  <level>END</level>
  <class>com.kms.katalon.core.logging.XmlKeywordLogger</class>
  <method>endTest</method>
  <thread>1</thread>
  <message>End Test Case : Test Cases/REST_API/04_Transactions/TC01_GetAllTransactions</message>
  <nestedLevel>0</nestedLevel>
  <escapedJava>false</escapedJava>
  <property name="executionBindingVariables">[]</property>
  <property name="keywordsUsage">{
  &quot;web_ui&quot;: false,
  &quot;web_service&quot;: true,
  &quot;cucumber&quot;: false,
  &quot;builtin&quot;: false,
  &quot;mobile&quot;: false,
  &quot;windows&quot;: false,
  &quot;testng&quot;: false
}</property>
</record>
<record>
  <date>2022-05-10T23:44:50</date>
  <millis>1652201090890</millis>
  <sequence>167</sequence>
  <level>START</level>
  <class>com.kms.katalon.core.logging.XmlKeywordLogger</class>
  <method>startKeyword</method>
  <thread>1</thread>
  <message>Start listener action : exportKatalonReports</message>
  <nestedLevel>0</nestedLevel>
  <escapedJava>false</escapedJava>
</record>
<record>
  <date>2022-05-10T23:44:51</date>
  <millis>1652201091297</millis>
  <sequence>415</sequence>
  <level>INFO</level>
  <class>com.kms.katalon.core.logging.XmlKeywordLogger</class>
  <method>logMessage</method>
  <thread>1</thread>
  <message>Start generating HTML report folder at: F:\1. UNNES\6. Semester 6\2 - MSIB\final-project-qe-alta4\final-project-qe-alta\Reports\20220510_234336\REST_API\04_Transactions\20220510_234344...</message>
  <nestedLevel>0</nestedLevel>
  <escapedJava>false</escapedJava>
</record>
<record>
  <date>2022-05-10T23:44:51</date>
  <millis>1652201091375</millis>
  <sequence>416</sequence>
  <level>INFO</level>
  <class>com.kms.katalon.core.logging.XmlKeywordLogger</class>
  <method>logMessage</method>
  <thread>1</thread>
  <message>HTML report generated</message>
  <nestedLevel>0</nestedLevel>
  <escapedJava>false</escapedJava>
</record>
<record>
  <date>2022-05-10T23:44:51</date>
  <millis>1652201091376</millis>
  <sequence>417</sequence>
  <level>INFO</level>
  <class>com.kms.katalon.core.logging.XmlKeywordLogger</class>
  <method>logMessage</method>
  <thread>1</thread>
  <message>Start generating CSV report folder at: F:\1. UNNES\6. Semester 6\2 - MSIB\final-project-qe-alta4\final-project-qe-alta\Reports\20220510_234336\REST_API\04_Transactions\20220510_234344...</message>
  <nestedLevel>0</nestedLevel>
  <escapedJava>false</escapedJava>
</record>
<record>
  <date>2022-05-10T23:44:51</date>
  <millis>1652201091579</millis>
  <sequence>418</sequence>
  <level>INFO</level>
  <class>com.kms.katalon.core.logging.XmlKeywordLogger</class>
  <method>logMessage</method>
  <thread>1</thread>
  <message>CSV report generated</message>
  <nestedLevel>0</nestedLevel>
  <escapedJava>false</escapedJava>
</record>
<record>
  <date>2022-05-10T23:44:51</date>
  <millis>1652201091897</millis>
  <sequence>420</sequence>
  <level>END</level>
  <class>com.kms.katalon.core.logging.XmlKeywordLogger</class>
  <method>endKeyword</method>
  <thread>1</thread>
  <message>End listener action : exportKatalonReports</message>
  <nestedLevel>0</nestedLevel>
  <escapedJava>false</escapedJava>
</record>
<record>
  <date>2022-05-10T23:44:51</date>
  <millis>1652201091957</millis>
  <sequence>421</sequence>
  <level>END</level>
  <class>com.kms.katalon.core.logging.XmlKeywordLogger</class>
  <method>endSuite</method>
  <thread>1</thread>
  <message>End Test Suite : Test Suites/REST_API/04_Transactions</message>
  <nestedLevel>0</nestedLevel>
  <escapedJava>false</escapedJava>
</record>
</log>
