<?xml version="1.0" encoding="UTF-8" standalone="no"?>
<!DOCTYPE log SYSTEM "logger.dtd">
<log>
<record>
  <date>2022-04-26T17:05:25</date>
  <millis>1650967525886</millis>
  <sequence>0</sequence>
  <level>START</level>
  <class>com.kms.katalon.core.logging.XmlKeywordLogger</class>
  <method>startSuite</method>
  <thread>1</thread>
  <message>Start Test Suite : Test Suites/WEB/TS_Web</message>
  <nestedLevel>0</nestedLevel>
  <escapedJava>false</escapedJava>
  <property name="rerunTestFailImmediately">false</property>
  <property name="retryCount">0</property>
  <property name="name">TS_Web</property>
  <property name="description"></property>
  <property name="id">Test Suites/WEB/TS_Web</property>
</record>
<record>
  <date>2022-04-26T17:05:25</date>
  <millis>1650967525906</millis>
  <sequence>1</sequence>
  <level>RUN_DATA</level>
  <class>com.kms.katalon.core.logging.XmlKeywordLogger</class>
  <method>logMessage</method>
  <thread>1</thread>
  <message>hostName = salsa - SALSABILA</message>
  <nestedLevel>0</nestedLevel>
  <escapedJava>false</escapedJava>
  <property name="hostName">salsa - SALSABILA</property>
</record>
<record>
  <date>2022-04-26T17:05:25</date>
  <millis>1650967525908</millis>
  <sequence>2</sequence>
  <level>RUN_DATA</level>
  <class>com.kms.katalon.core.logging.XmlKeywordLogger</class>
  <method>logMessage</method>
  <thread>1</thread>
  <message>os = Windows 10 64bit</message>
  <nestedLevel>0</nestedLevel>
  <escapedJava>false</escapedJava>
  <property name="os">Windows 10 64bit</property>
</record>
<record>
  <date>2022-04-26T17:05:25</date>
  <millis>1650967525910</millis>
  <sequence>3</sequence>
  <level>RUN_DATA</level>
  <class>com.kms.katalon.core.logging.XmlKeywordLogger</class>
  <method>logMessage</method>
  <thread>1</thread>
  <message>hostAddress = 192.168.35.173</message>
  <nestedLevel>0</nestedLevel>
  <escapedJava>false</escapedJava>
  <property name="hostAddress">192.168.35.173</property>
</record>
<record>
  <date>2022-04-26T17:05:25</date>
  <millis>1650967525911</millis>
  <sequence>4</sequence>
  <level>RUN_DATA</level>
  <class>com.kms.katalon.core.logging.XmlKeywordLogger</class>
  <method>logMessage</method>
  <thread>1</thread>
  <message>katalonVersion = 8.2.5.208</message>
  <nestedLevel>0</nestedLevel>
  <escapedJava>false</escapedJava>
  <property name="katalonVersion">8.2.5.208</property>
</record>
<record>
  <date>2022-04-26T17:05:26</date>
  <millis>1650967526362</millis>
  <sequence>5</sequence>
  <level>START</level>
  <class>com.kms.katalon.core.logging.XmlKeywordLogger</class>
  <method>startTest</method>
  <thread>1</thread>
  <message>Start Test Case : Test Cases/WEB/Register</message>
  <nestedLevel>1</nestedLevel>
  <escapedJava>false</escapedJava>
  <property name="name">Test Cases/WEB/Register</property>
  <property name="description"></property>
  <property name="id">Test Cases/WEB/Register</property>
  <property name="source">F:\1. UNNES\6. Semester 6\2 - MSIB\final-project-qe-alta\final-project-qe-alta\Test Cases\WEB\Register.tc</property>
  <property name="tag"></property>
  <property name="isOptional">false</property>
</record>
